<?xml version="1.0" encoding="UTF-8"?><testsuite errors="1" failures="0" name="As a user I need to enter to course Software Quality to UdeA page" skipped="0" tests="1" time="12.06" timestamp="2024-02-03 10:59:51"><testcase name="The student enter the information for loggin"><error message="Arity mismatch: Step Definition 'co.com.certification.bancolombia.stepdefinitions.PruebaStepDefinition.theStudentEnterUsernameAndPasswordAndCkickToAccess() in file:/C:/Users/Daniel%20Zuluaga/Desktop/Banco/PruebaBancolombia/build/classes/java/test/' with pattern [^The student enter username and password and ckick to access$] is declared with 0 parameters. However, the gherkin step has 1 arguments [Table:[[userName, password, timeSeconds], [Neiver.tapia, 123, 60]]]. &#10;Step text: The student enter username and password and ckick to access" type="cucumber.runtime.CucumberException">Arity mismatch: Step Definition 'co.com.certification.bancolombia.stepdefinitions.PruebaStepDefinition.theStudentEnterUsernameAndPasswordAndCkickToAccess() in file:/C:/Users/Daniel%20Zuluaga/Desktop/Banco/PruebaBancolombia/build/classes/java/test/' with pattern [^The student enter username and password and ckick to access$] is declared with 0 parameters. However, the gherkin step has 1 arguments [Table:[[userName, password, timeSeconds], [Neiver.tapia, 123, 60]]].
Step text: The student enter username and password and ckick to access</error><system-err>Arity mismatch: Step Definition 'co.com.certification.bancolombia.stepdefinitions.PruebaStepDefinition.theStudentEnterUsernameAndPasswordAndCkickToAccess() in file:/C:/Users/Daniel%20Zuluaga/Desktop/Banco/PruebaBancolombia/build/classes/java/test/' with pattern [^The student enter username and password and ckick to access$] is declared with 0 parameters. However, the gherkin step has 1 arguments [Table:[[userName, password, timeSeconds], [Neiver.tapia, 123, 60]]].
Step text: The student enter username and password and ckick to access&#13;
cucumber.runner.Runner.runPickle(Runner.java:80)&#13;
worker.org.gradle.process.internal.worker.GradleWorkerMain.run(GradleWorkerMain.java:69)&#13;
worker.org.gradle.process.internal.worker.GradleWorkerMain.main(GradleWorkerMain.java:74)&#13;
</system-err></testcase></testsuite>